Removed Pin From Net: NetName=NetD1_1 Pin=D1-1
Removed Pin From Net: NetName=NetD0_2 Pin=D1-2
Removed Pin From Net: NetName=NetD1_3 Pin=D1-3
Removed Pin From Net: NetName=NetD1_4 Pin=D1-4
Removed Pin From Net: NetName=NetD3_1 Pin=D3-1
Removed Pin From Net: NetName=NetD0_2 Pin=D3-2
Removed Pin From Net: NetName=NetD3_3 Pin=D3-3
Removed Pin From Net: NetName=NetD3_4 Pin=D3-4
Removed Pin From Net: NetName=NetD5_1 Pin=D5-1
Removed Pin From Net: NetName=NetD0_2 Pin=D5-2
Removed Pin From Net: NetName=NetD5_3 Pin=D5-3
Removed Pin From Net: NetName=NetD5_4 Pin=D5-4
Removed Pin From Net: NetName=NetD7_1 Pin=D7-1
Removed Pin From Net: NetName=NetD0_2 Pin=D7-2
Removed Pin From Net: NetName=NetD7_3 Pin=D7-3
Removed Pin From Net: NetName=NetD7_4 Pin=D7-4
Removed Pin From Net: NetName=NetD0_1 Pin=D8-1
Removed Pin From Net: NetName=NetD8_2 Pin=D8-2
Removed Pin From Net: NetName=NetD0_3 Pin=D8-3
Removed Pin From Net: NetName=NetD0_4 Pin=D8-4
Removed Pin From Net: NetName=NetD1_1 Pin=D9-1
Removed Pin From Net: NetName=NetD8_2 Pin=D9-2
Removed Pin From Net: NetName=NetD1_3 Pin=D9-3
Removed Pin From Net: NetName=NetD1_4 Pin=D9-4
Removed Pin From Net: NetName=NetD2_1 Pin=D10-1
Removed Pin From Net: NetName=NetD8_2 Pin=D10-2
Removed Pin From Net: NetName=NetD2_3 Pin=D10-3
Removed Pin From Net: NetName=NetD2_4 Pin=D10-4
Removed Pin From Net: NetName=NetD3_1 Pin=D11-1
Removed Pin From Net: NetName=NetD8_2 Pin=D11-2
Removed Pin From Net: NetName=NetD3_3 Pin=D11-3
Removed Pin From Net: NetName=NetD3_4 Pin=D11-4
Removed Pin From Net: NetName=NetD4_1 Pin=D12-1
Removed Pin From Net: NetName=NetD8_2 Pin=D12-2
Removed Pin From Net: NetName=NetD4_3 Pin=D12-3
Removed Pin From Net: NetName=NetD4_4 Pin=D12-4
Removed Pin From Net: NetName=NetD5_1 Pin=D13-1
Removed Pin From Net: NetName=NetD8_2 Pin=D13-2
Removed Pin From Net: NetName=NetD5_3 Pin=D13-3
Removed Pin From Net: NetName=NetD5_4 Pin=D13-4
Removed Pin From Net: NetName=NetD6_1 Pin=D14-1
Removed Pin From Net: NetName=NetD8_2 Pin=D14-2
Removed Pin From Net: NetName=NetD6_3 Pin=D14-3
Removed Pin From Net: NetName=NetD6_4 Pin=D14-4
Removed Pin From Net: NetName=NetD7_1 Pin=D15-1
Removed Pin From Net: NetName=NetD8_2 Pin=D15-2
Removed Pin From Net: NetName=NetD7_3 Pin=D15-3
Removed Pin From Net: NetName=NetD7_4 Pin=D15-4
Removed Pin From Net: NetName=NetD8_2 Pin=Q1-3
Removed Pin From Net: NetName=NetD1_1 Pin=R4-1
Removed Pin From Net: NetName=NetD1_3 Pin=R5-1
Removed Pin From Net: NetName=NetD1_4 Pin=R6-1
Removed Pin From Net: NetName=NetD2_1 Pin=R7-1
Removed Pin From Net: NetName=NetD2_3 Pin=R8-1
Removed Pin From Net: NetName=NetD2_4 Pin=R9-1
Removed Pin From Net: NetName=NetD3_1 Pin=R10-1
Removed Pin From Net: NetName=NetD3_3 Pin=R11-1
Removed Pin From Net: NetName=NetD3_4 Pin=R12-1
Removed Pin From Net: NetName=NetD4_1 Pin=R13-1
Removed Pin From Net: NetName=NetD4_3 Pin=R14-1
Removed Pin From Net: NetName=NetD4_4 Pin=R15-1
Removed Pin From Net: NetName=NetD5_1 Pin=R16-1
Removed Pin From Net: NetName=NetD5_3 Pin=R17-1
Removed Pin From Net: NetName=NetD5_4 Pin=R18-1
Removed Pin From Net: NetName=NetD6_1 Pin=R19-1
Removed Pin From Net: NetName=NetD6_3 Pin=R20-1
Removed Pin From Net: NetName=NetD6_4 Pin=R21-1
Removed Pin From Net: NetName=NetD7_1 Pin=R22-1
Removed Pin From Net: NetName=NetD7_3 Pin=R23-1
Removed Pin From Net: NetName=NetD7_4 Pin=R24-1
Added Component: Designator=R25(ERA-0805)
Added Component: Designator=R26(ERA-0805)
Added Pin To Net: NetName=NetD0_1 Pin=D1-1
Added Pin To Net: NetName=NetD1_1 Pin=D1-2
Added Pin To Net: NetName=NetD0_3 Pin=D1-3
Added Pin To Net: NetName=NetD0_4 Pin=D1-4
Added Pin To Net: NetName=NetD2_1 Pin=D3-1
Added Pin To Net: NetName=NetD1_1 Pin=D3-2
Added Pin To Net: NetName=NetD2_3 Pin=D3-3
Added Pin To Net: NetName=NetD2_4 Pin=D3-4
Added Pin To Net: NetName=NetD4_1 Pin=D5-1
Added Pin To Net: NetName=NetD1_1 Pin=D5-2
Added Pin To Net: NetName=NetD4_3 Pin=D5-3
Added Pin To Net: NetName=NetD4_4 Pin=D5-4
Added Pin To Net: NetName=NetD6_1 Pin=D7-1
Added Pin To Net: NetName=NetD1_1 Pin=D7-2
Added Pin To Net: NetName=NetD6_3 Pin=D7-3
Added Pin To Net: NetName=NetD6_4 Pin=D7-4
Added Pin To Net: NetName=NetD1_3 Pin=D8-1
Added Pin To Net: NetName=NetD0_2 Pin=D8-2
Added Pin To Net: NetName=NetD1_4 Pin=D8-3
Added Pin To Net: NetName=NetD3_1 Pin=D8-4
Added Pin To Net: NetName=NetD1_3 Pin=D9-1
Added Pin To Net: NetName=NetD1_1 Pin=D9-2
Added Pin To Net: NetName=NetD1_4 Pin=D9-3
Added Pin To Net: NetName=NetD3_1 Pin=D9-4
Added Pin To Net: NetName=NetD3_3 Pin=D10-1
Added Pin To Net: NetName=NetD0_2 Pin=D10-2
Added Pin To Net: NetName=NetD3_4 Pin=D10-3
Added Pin To Net: NetName=NetD5_1 Pin=D10-4
Added Pin To Net: NetName=NetD3_3 Pin=D11-1
Added Pin To Net: NetName=NetD1_1 Pin=D11-2
Added Pin To Net: NetName=NetD3_4 Pin=D11-3
Added Pin To Net: NetName=NetD5_1 Pin=D11-4
Added Pin To Net: NetName=NetD5_3 Pin=D12-1
Added Pin To Net: NetName=NetD0_2 Pin=D12-2
Added Pin To Net: NetName=NetD5_4 Pin=D12-3
Added Pin To Net: NetName=NetD7_1 Pin=D12-4
Added Pin To Net: NetName=NetD5_3 Pin=D13-1
Added Pin To Net: NetName=NetD1_1 Pin=D13-2
Added Pin To Net: NetName=NetD5_4 Pin=D13-3
Added Pin To Net: NetName=NetD7_1 Pin=D13-4
Added Pin To Net: NetName=NetD7_3 Pin=D14-1
Added Pin To Net: NetName=NetD0_2 Pin=D14-2
Added Pin To Net: NetName=NetD7_4 Pin=D14-3
Added Pin To Net: NetName=NetD8_2 Pin=D14-4
Added Pin To Net: NetName=NetD7_3 Pin=D15-1
Added Pin To Net: NetName=NetD1_1 Pin=D15-2
Added Pin To Net: NetName=NetD7_4 Pin=D15-3
Added Pin To Net: NetName=NetD8_2 Pin=D15-4
Added Pin To Net: NetName=NetD1_1 Pin=Q1-3
Added Pin To Net: NetName=NetD2_1 Pin=R4-1
Added Pin To Net: NetName=NetD2_3 Pin=R5-1
Added Pin To Net: NetName=NetD2_4 Pin=R6-1
Added Pin To Net: NetName=NetD4_1 Pin=R7-1
Added Pin To Net: NetName=NetD4_3 Pin=R8-1
Added Pin To Net: NetName=NetD4_4 Pin=R9-1
Added Pin To Net: NetName=NetD6_1 Pin=R10-1
Added Pin To Net: NetName=NetD6_3 Pin=R11-1
Added Pin To Net: NetName=NetD6_4 Pin=R12-1
Added Pin To Net: NetName=NetD1_3 Pin=R13-1
Added Pin To Net: NetName=NetD1_4 Pin=R14-1
Added Pin To Net: NetName=NetD3_1 Pin=R15-1
Added Pin To Net: NetName=NetD3_3 Pin=R16-1
Added Pin To Net: NetName=NetD3_4 Pin=R17-1
Added Pin To Net: NetName=NetD5_1 Pin=R18-1
Added Pin To Net: NetName=NetD5_3 Pin=R19-1
Added Pin To Net: NetName=NetD5_4 Pin=R20-1
Added Pin To Net: NetName=NetD7_1 Pin=R21-1
Added Pin To Net: NetName=NetD7_3 Pin=R22-1
Added Pin To Net: NetName=NetD7_4 Pin=R23-1
Added Pin To Net: NetName=NetD8_2 Pin=R24-1
Added Pin To Net: NetName=NetD0_2 Pin=R25-1
Added Pin To Net: NetName=VCC Pin=R25-2
Added Pin To Net: NetName=NetD1_1 Pin=R26-1
Added Pin To Net: NetName=VCC Pin=R26-2
Change Net Name : Old Net Name=NetD1_1 New Net Name=NetD1_2
Change Net Name : Old Net Name=NetD1_3 New Net Name=NetD8_1
Change Net Name : Old Net Name=NetD1_4 New Net Name=NetD8_3
Change Net Name : Old Net Name=NetD3_1 New Net Name=NetD8_4
Change Net Name : Old Net Name=NetD3_3 New Net Name=NetD10_1
Change Net Name : Old Net Name=NetD3_4 New Net Name=NetD10_3
Change Net Name : Old Net Name=NetD5_1 New Net Name=NetD10_4
Change Net Name : Old Net Name=NetD5_3 New Net Name=NetD12_1
Change Net Name : Old Net Name=NetD5_4 New Net Name=NetD12_3
Change Net Name : Old Net Name=NetD7_1 New Net Name=NetD12_4
Change Net Name : Old Net Name=NetD7_3 New Net Name=NetD14_1
Change Net Name : Old Net Name=NetD7_4 New Net Name=NetD14_3
Change Net Name : Old Net Name=NetD8_2 New Net Name=NetD14_4
Added Member To Class: ClassName=DTImp Member=Component Q1 2N7002
Added Member To Class: ClassName=DTImp Member=Component R25 0805
Added Member To Class: ClassName=DTImp Member=Component R26 0805
Added Room: Name=DTImp
